<?xml version="1.0" encoding="UTF-8"?>
<testsuite name="agh.ics.oop.AnimalTest" tests="1" skipped="0" failures="0" errors="0" timestamp="2021-12-09T10:13:23" hostname="LAPTOP-97EVRD0Q" time="0.037">
  <properties/>
  <testcase name="parserTest()" classname="agh.ics.oop.AnimalTest" time="0.037"/>
  <system-out><![CDATA[]]></system-out>
  <system-err><![CDATA[]]></system-err>
</testsuite>
