<?xml version="1.0" encoding="UTF-8"?>
<testsuite name="agh.ics.oop.Vector2DTest" tests="9" skipped="0" failures="0" errors="0" timestamp="2021-10-23T12:44:09" hostname="LAPTOP-97EVRD0Q" time="0.02">
  <properties/>
  <testcase name="upperRightTest()" classname="agh.ics.oop.Vector2DTest" time="0.001"/>
  <testcase name="addTest()" classname="agh.ics.oop.Vector2DTest" time="0.001"/>
  <testcase name="precedesTest()" classname="agh.ics.oop.Vector2DTest" time="0.002"/>
  <testcase name="oppositeTest()" classname="agh.ics.oop.Vector2DTest" time="0.001"/>
  <testcase name="lowerLeftTest()" classname="agh.ics.oop.Vector2DTest" time="0.001"/>
  <testcase name="equalsTest()" classname="agh.ics.oop.Vector2DTest" time="0.003"/>
  <testcase name="toStringTest()" classname="agh.ics.oop.Vector2DTest" time="0.007"/>
  <testcase name="subtractTest()" classname="agh.ics.oop.Vector2DTest" time="0.0"/>
  <testcase name="followsTest()" classname="agh.ics.oop.Vector2DTest" time="0.0"/>
  <system-out><![CDATA[]]></system-out>
  <system-err><![CDATA[]]></system-err>
</testsuite>
