<?xml version="1.0" encoding="UTF-8"?>
<testsuite name="agh.ics.oop.MapTest" tests="3" skipped="0" failures="0" errors="0" timestamp="2021-11-17T23:25:19" hostname="LAPTOP-97EVRD0Q" time="0.04">
  <properties/>
  <testcase name="twoOnSameSpotTest()" classname="agh.ics.oop.MapTest" time="0.035"/>
  <testcase name="movingTest()" classname="agh.ics.oop.MapTest" time="0.002"/>
  <testcase name="borderTest()" classname="agh.ics.oop.MapTest" time="0.001"/>
  <system-out><![CDATA[]]></system-out>
  <system-err><![CDATA[]]></system-err>
</testsuite>
