<?xml version="1.0" encoding="UTF-8"?>
<testsuite name="agh.ics.oop.ImplementationTest" tests="2" skipped="0" failures="0" errors="0" timestamp="2021-10-28T17:16:39" hostname="LAPTOP-97EVRD0Q" time="0.058">
  <properties/>
  <testcase name="parserTest()" classname="agh.ics.oop.ImplementationTest" time="0.05"/>
  <testcase name="movementTest()" classname="agh.ics.oop.ImplementationTest" time="0.006"/>
  <system-out><![CDATA[]]></system-out>
  <system-err><![CDATA[]]></system-err>
</testsuite>
