<?xml version="1.0" encoding="UTF-8"?>
<testsuite name="agh.ics.oop.MapDirectionTest" tests="3" skipped="0" failures="0" errors="0" timestamp="2021-10-23T12:44:09" hostname="LAPTOP-97EVRD0Q" time="0.037">
  <properties/>
  <testcase name="previousTest()" classname="agh.ics.oop.MapDirectionTest" time="0.032"/>
  <testcase name="toUnitVectorTest()" classname="agh.ics.oop.MapDirectionTest" time="0.002"/>
  <testcase name="nextTest()" classname="agh.ics.oop.MapDirectionTest" time="0.001"/>
  <system-out><![CDATA[]]></system-out>
  <system-err><![CDATA[]]></system-err>
</testsuite>
