<?xml version="1.0" encoding="UTF-8"?>
<testsuite name="agh.ics.oop.Vector2DTest" tests="1" skipped="0" failures="0" errors="0" timestamp="2021-10-21T17:19:37" hostname="LAPTOP-97EVRD0Q" time="0.033">
  <properties/>
  <testcase name="equalsTest()" classname="agh.ics.oop.Vector2DTest" time="0.033"/>
  <system-out><![CDATA[]]></system-out>
  <system-err><![CDATA[]]></system-err>
</testsuite>
