<?xml version="1.0" encoding="UTF-8"?>
<testsuite name="agh.ics.oop.EngineTest" tests="3" skipped="0" failures="0" errors="0" timestamp="2021-11-25T18:12:54" hostname="LAPTOP-97EVRD0Q" time="0.139">
  <properties/>
  <testcase name="twoOnSameSpotTest()" classname="agh.ics.oop.EngineTest" time="0.054"/>
  <testcase name="movingTest()" classname="agh.ics.oop.EngineTest" time="0.051"/>
  <testcase name="borderTest()" classname="agh.ics.oop.EngineTest" time="0.032"/>
  <system-out><![CDATA[ y\x -1 0 1 2 3 4 5 6 7 8 91011
  7: ---------------------------
  6: | | | | | | | | | | | | | |
  5: | | | | | | | | | | | | | |
  4: | | | | | | | | | | | | | |
  3: | | | |N|N| | | | | | | | |
  2: | | | | | | | | | | | | | |
  1: | | | | | | | | | | | | | |
  0: | | | | | | | | | | | | | |
 -1: | | | | | | | | | | | | | |
 -2: ---------------------------

 y\x -1 0 1 2 3 4 5 6 7 8 91011
  7: ---------------------------
  6: | | | | | | | | | | | | | |
  5: | | | | | | | | | | | | | |
  4: | | | | | | | | | | | | | |
  3: | | | |E|N| | | | | | | | |
  2: | | | | | | | | | | | | | |
  1: | | | | | | | | | | | | | |
  0: | | | | | | | | | | | | | |
 -1: | | | | | | | | | | | | | |
 -2: ---------------------------

 y\x -1 0 1 2 3 4 5 6 7 8 91011
  7: ---------------------------
  6: | | | | | | | | | | | | | |
  5: | | | | | | | | | | | | | |
  4: | | | | | | | | | | | | | |
  3: | | | |E|W| | | | | | | | |
  2: | | | | | | | | | | | | | |
  1: | | | | | | | | | | | | | |
  0: | | | | | | | | | | | | | |
 -1: | | | | | | | | | | | | | |
 -2: ---------------------------

 y\x -1 0 1 2 3 4 5 6 7 8 91011
  7: ---------------------------
  6: | | | | | | | | | | | | | |
  5: | | | | | | | | | | | | | |
  4: | | | | |N| | | | | | | | |
  3: | | | | | | | | | | | | | |
  2: | | | |N| | | | | | | | | |
  1: | | | | | | | | | | | | | |
  0: | | | | | | | | | | | | | |
 -1: | | | | | | | | | | | | | |
 -2: ---------------------------

 y\x -1 0 1 2 3 4 5 6 7 8 91011
  7: ---------------------------
  6: | | | | | | | | | | | | | |
  5: | | | | | | | | | | | | | |
  4: | | | | |N| | | | | | | | |
  3: | | | |N| | | | | | | | | |
  2: | | | | | | | | | | | | | |
  1: | | | | | | | | | | | | | |
  0: | | | | | | | | | | | | | |
 -1: | | | | | | | | | | | | | |
 -2: ---------------------------

 y\x -1 0 1 2 3 4 5 6 7 8 91011
  7: ---------------------------
  6: | | | | | | | | | | | | | |
  5: | | | | | | | | | | | | | |
  4: | | | | | | | | | | | | | |
  3: | | | |N|N| | | | | | | | |
  2: | | | | | | | | | | | | | |
  1: | | | | | | | | | | | | | |
  0: | | | | | | | | | | | | | |
 -1: | | | | | | | | | | | | | |
 -2: ---------------------------

 y\x -1 0 1 2 3 4 5 6 7 8 91011
  7: ---------------------------
  6: | | | | | | | | | | | | | |
  5: | | | | | | | | | | | | | |
  4: | | | | | | | | | | | | | |
  3: | | | |E|N| | | | | | | | |
  2: | | | | | | | | | | | | | |
  1: | | | | | | | | | | | | | |
  0: | | | | | | | | | | | | | |
 -1: | | | | | | | | | | | | | |
 -2: ---------------------------

 y\x -1 0 1 2 3 4 5 6 7 8 91011
  7: ---------------------------
  6: | | | | | | | | | | | | | |
  5: | | | | | | | | | | | | | |
  4: | | | | | | | | | | | | | |
  3: | | | |E|W| | | | | | | | |
  2: | | | | | | | | | | | | | |
  1: | | | | | | | | | | | | | |
  0: | | | | | | | | | | | | | |
 -1: | | | | | | | | | | | | | |
 -2: ---------------------------

 y\x -1 0 1 2 3 4 5 6 7 8 91011
  7: ---------------------------
  6: | | | | | | | | | | | | | |
  5: | | | | | | | | | | | | | |
  4: | | | | | | | | | | | | | |
  3: | | | |E|W| | | | | | | | |
  2: | | | | | | | | | | | | | |
  1: | | | | | | | | | | | | | |
  0: | | | | | | | | | | | | | |
 -1: | | | | | | | | | | | | | |
 -2: ---------------------------

 y\x -1 0 1 2 3 4 5 6 7 8 91011
  7: ---------------------------
  6: | | | | | | | | | | | | | |
  5: | | | | | | | | | | | | | |
  4: | | | | | | | | | | | | | |
  3: | | | |E|W| | | | | | | | |
  2: | | | | | | | | | | | | | |
  1: | | | | | | | | | | | | | |
  0: | | | | | | | | | | | | | |
 -1: | | | | | | | | | | | | | |
 -2: ---------------------------

 y\x -1 0 1 2 3 4 5 6 7 8 91011
  7: ---------------------------
  6: | | | | | | | | | | | | | |
  5: | | | | | | | | | | | | | |
  4: | | | | | | | | | | | | | |
  3: | | | |S|W| | | | | | | | |
  2: | | | | | | | | | | | | | |
  1: | | | | | | | | | | | | | |
  0: | | | | | | | | | | | | | |
 -1: | | | | | | | | | | | | | |
 -2: ---------------------------

 y\x -1 0 1 2 3 4 5 6 7 8 91011
  7: ---------------------------
  6: | | | | | | | | | | | | | |
  5: | | | | | | | | | | | | | |
  4: | | | | | | | | | | | | | |
  3: | | | |S|N| | | | | | | | |
  2: | | | | | | | | | | | | | |
  1: | | | | | | | | | | | | | |
  0: | | | | | | | | | | | | | |
 -1: | | | | | | | | | | | | | |
 -2: ---------------------------

 y\x -1 0 1 2 3 4 5 6 7 8 91011
  7: ---------------------------
  6: | | | | | | | | | | | | | |
  5: | | | | | | | | | | | | | |
  4: | | | | | | | | | | | | | |
  3: | | | | |N| | | | | | | | |
  2: | | | |S| | | | | | | | | |
  1: | | | | | | | | | | | | | |
  0: | | | | | | | | | | | | | |
 -1: | | | | | | | | | | | | | |
 -2: ---------------------------

 y\x -1 0 1 2 3 4 5 6 7 8 91011
  7: ---------------------------
  6: | | | | | | | | | | | | | |
  5: | | | | | | | | | | | | | |
  4: | | | | |N| | | | | | | | |
  3: | | | | | | | | | | | | | |
  2: | | | |S| | | | | | | | | |
  1: | | | | | | | | | | | | | |
  0: | | | | | | | | | | | | | |
 -1: | | | | | | | | | | | | | |
 -2: ---------------------------

 y\x -1 0 1 2 3 4 5 6 7 8 91011
  7: ---------------------------
  6: | | | | | | | | | | | | | |
  5: | | | | | | | | | | | | | |
  4: | | | | |N| | | | | | | | |
  3: | | | | | | | | | | | | | |
  2: | | | | | | | | | | | | | |
  1: | | | |S| | | | | | | | | |
  0: | | | | | | | | | | | | | |
 -1: | | | | | | | | | | | | | |
 -2: ---------------------------

 y\x -1 0 1 2 3 4 5 6 7 8 91011
  7: ---------------------------
  6: | | | | | | | | | | | | | |
  5: | | | | |N| | | | | | | | |
  4: | | | | | | | | | | | | | |
  3: | | | | | | | | | | | | | |
  2: | | | | | | | | | | | | | |
  1: | | | |S| | | | | | | | | |
  0: | | | | | | | | | | | | | |
 -1: | | | | | | | | | | | | | |
 -2: ---------------------------

 y\x -1 0 1 2 3 4 5 6 7 8 91011
  7: ---------------------------
  6: | | | | | | | | | | | | | |
  5: | | | | |N| | | | | | | | |
  4: | | | | | | | | | | | | | |
  3: | | | | | | | | | | | | | |
  2: | | | | | | | | | | | | | |
  1: | | | | | | | | | | | | | |
  0: | | | |S| | | | | | | | | |
 -1: | | | | | | | | | | | | | |
 -2: ---------------------------

 y\x -1 0 1 2 3 4 5 6 7 8 91011
  7: ---------------------------
  6: | | | | | | | | | | | | | |
  5: | | | | |N| | | | | | | | |
  4: | | | | | | | | | | | | | |
  3: | | | | | | | | | | | | | |
  2: | | | | | | | | | | | | | |
  1: | | | | | | | | | | | | | |
  0: | | | |S| | | | | | | | | |
 -1: | | | | | | | | | | | | | |
 -2: ---------------------------

 y\x -1 0 1 2 3 4 5 6 7 8 91011
  7: ---------------------------
  6: | | | | | | | | | | | | | |
  5: | | | | |N| | | | | | | | |
  4: | | | | | | | | | | | | | |
  3: | | | | | | | | | | | | | |
  2: | | | | | | | | | | | | | |
  1: | | | | | | | | | | | | | |
  0: | | | |S| | | | | | | | | |
 -1: | | | | | | | | | | | | | |
 -2: ---------------------------

 y\x -1 0 1 2 3 4 5 6 7 8 91011
  7: ---------------------------
  6: | | | | | | | | | | | | | |
  5: | | | | |N| | | | | | | | |
  4: | | | | | | | | | | | |N| |
  3: | | | | | | | | | | | | | |
  2: | |N| | | | | | | | | | | |
  1: | | | | | | | | | | | | | |
  0: | | | |N| | | | | | | | | |
 -1: | | | | | | | | | | | | | |
 -2: ---------------------------

 y\x -1 0 1 2 3 4 5 6 7 8 91011
  7: ---------------------------
  6: | | | | | | | | | | | | | |
  5: | | | | |N| | | | | | | | |
  4: | | | | | | | | | | | |N| |
  3: | | | | | | | | | | | | | |
  2: | |N| | | | | | | | | | | |
  1: | | | | | | | | | | | | | |
  0: | | | |E| | | | | | | | | |
 -1: | | | | | | | | | | | | | |
 -2: ---------------------------

 y\x -1 0 1 2 3 4 5 6 7 8 91011
  7: ---------------------------
  6: | | | | | | | | | | | | | |
  5: | | | | |N| | | | | | | | |
  4: | | | | | | | | | | | |N| |
  3: | | | | | | | | | | | | | |
  2: | |N| | | | | | | | | | | |
  1: | | | | | | | | | | | | | |
  0: | | | |E| | | | | | | | | |
 -1: | | | | | | | | | | | | | |
 -2: ---------------------------

 y\x -1 0 1 2 3 4 5 6 7 8 91011
  7: ---------------------------
  6: | | | | | | | | | | | | | |
  5: | | | | |N| | | | | | | | |
  4: | | | | | | | | | | | |N| |
  3: | | | | | | | | | | | | | |
  2: | |W| | | | | | | | | | | |
  1: | | | | | | | | | | | | | |
  0: | | | |E| | | | | | | | | |
 -1: | | | | | | | | | | | | | |
 -2: ---------------------------

 y\x -1 0 1 2 3 4 5 6 7 8 91011
  7: ---------------------------
  6: | | | | | | | | | | | | | |
  5: | | | | |N| | | | | | | | |
  4: | | | | | | | | | | | |E| |
  3: | | | | | | | | | | | | | |
  2: | |W| | | | | | | | | | | |
  1: | | | | | | | | | | | | | |
  0: | | | |E| | | | | | | | | |
 -1: | | | | | | | | | | | | | |
 -2: ---------------------------

 y\x -1 0 1 2 3 4 5 6 7 8 91011
  7: ---------------------------
  6: | | | | | | | | | | | | | |
  5: | | | | |N| | | | | | | | |
  4: | | | | | | | | | | | |E| |
  3: | | | | | | | | | | | | | |
  2: | |W| | | | | | | | | | | |
  1: | | | | | | | | | | | | | |
  0: | | | |S| | | | | | | | | |
 -1: | | | | | | | | | | | | | |
 -2: ---------------------------

 y\x -1 0 1 2 3 4 5 6 7 8 91011
  7: ---------------------------
  6: | | | | | | | | | | | | | |
  5: | | | | |N| | | | | | | | |
  4: | | | | | | | | | | | |E| |
  3: | | | | | | | | | | | | | |
  2: | |W| | | | | | | | | | | |
  1: | | | | | | | | | | | | | |
  0: | | | |S| | | | | | | | | |
 -1: | | | | | | | | | | | | | |
 -2: ---------------------------

 y\x -1 0 1 2 3 4 5 6 7 8 91011
  7: ---------------------------
  6: | | | | | | | | | | | | | |
  5: | | | | |N| | | | | | | | |
  4: | | | | | | | | | | | |E| |
  3: | | | | | | | | | | | | | |
  2: | |W| | | | | | | | | | | |
  1: | | | | | | | | | | | | | |
  0: | | | |S| | | | | | | | | |
 -1: | | | | | | | | | | | | | |
 -2: ---------------------------

 y\x -1 0 1 2 3 4 5 6 7 8 91011
  7: ---------------------------
  6: | | | | | | | | | | | | | |
  5: | | | | |N| | | | | | | | |
  4: | | | | | | | | | | | |E| |
  3: | | | | | | | | | | | | | |
  2: | |W| | | | | | | | | | | |
  1: | | | | | | | | | | | | | |
  0: | | | |S| | | | | | | | | |
 -1: | | | | | | | | | | | | | |
 -2: ---------------------------

]]></system-out>
  <system-err><![CDATA[]]></system-err>
</testsuite>
