<?xml version="1.0" encoding="UTF-8"?>
<testsuite name="agh.ics.oop.RectangularMapTest" tests="4" skipped="0" failures="0" errors="0" timestamp="2021-11-24T18:46:41" hostname="LAPTOP-97EVRD0Q" time="0.044">
  <properties/>
  <testcase name="objectAtTest()" classname="agh.ics.oop.RectangularMapTest" time="0.035"/>
  <testcase name="isOccupiedTest()" classname="agh.ics.oop.RectangularMapTest" time="0.002"/>
  <testcase name="canMoveToTest()" classname="agh.ics.oop.RectangularMapTest" time="0.002"/>
  <testcase name="placeTest()" classname="agh.ics.oop.RectangularMapTest" time="0.001"/>
  <system-out><![CDATA[]]></system-out>
  <system-err><![CDATA[]]></system-err>
</testsuite>
